<?xml version="1.0" encoding="UTF-8"?>
<!-- Generated by org.testng.reporters.JUnitXMLReporter -->
<testsuite ignored="6" hostname="DESKTOP-16K4T19" failures="0" tests="4" name="Test" time="140.796" errors="0" timestamp="2023-03-29T01:45:43 IST">
  <testcase classname="TestCases.VerifyFotter" name="VerifyFottets" time="78.045"/>
  <testcase classname="TestCases.VerifyHeader" name="verifyHeaders" time="9.939"/>
  <testcase classname="TestCases.VerifyMenuBar" name="VerifyMenubars" time="28.617"/>
  <testcase classname="TestCases.VerifyAddcart" name="verifyAddCart" time="7.121"/>
  <testcase classname="Resources.BaseClass" name="@AfterSuite aftersuite" time="0.0">
    <ignored/>
  </testcase> <!-- @AfterSuite aftersuite -->
  <testcase classname="Resources.BaseClass" name="@BeforeSuite beforesuite" time="0.0">
    <ignored/>
  </testcase> <!-- @BeforeSuite beforesuite -->
  <testcase classname="Resources.BaseClass" name="@AfterSuite aftersuite" time="0.0">
    <ignored/>
  </testcase> <!-- @AfterSuite aftersuite -->
  <testcase classname="Resources.BaseClass" name="@AfterSuite aftersuite" time="0.0">
    <ignored/>
  </testcase> <!-- @AfterSuite aftersuite -->
  <testcase classname="Resources.BaseClass" name="@BeforeSuite beforesuite" time="0.0">
    <ignored/>
  </testcase> <!-- @BeforeSuite beforesuite -->
  <testcase classname="Resources.BaseClass" name="@BeforeSuite beforesuite" time="0.0">
    <ignored/>
  </testcase> <!-- @BeforeSuite beforesuite -->
</testsuite> <!-- Test -->
