<?xml version="1.0" encoding="UTF-8"?>
<testng-results ignored="6" total="10" passed="4" failed="0" skipped="0">
  <reporter-output>
  </reporter-output>
  <suite started-at="2023-03-29T02:27:40 IST" name="Suite" finished-at="2023-03-29T02:30:08 IST" duration-ms="147718">
    <groups>
    </groups>
    <test started-at="2023-03-29T02:27:40 IST" name="Test" finished-at="2023-03-29T02:30:08 IST" duration-ms="147718">
      <class name="TestCases.VerifyHeader">
        <test-method is-config="true" signature="openurl()[pri:0, instance:TestCases.VerifyHeader@4218d6a3]" started-at="2023-03-29T02:29:07 IST" name="openurl" finished-at="2023-03-29T02:29:10 IST" duration-ms="3602" status="PASS">
          <reporter-output>
          </reporter-output>
        </test-method> <!-- openurl -->
        <test-method signature="verifyHeaders()[pri:0, instance:TestCases.VerifyHeader@4218d6a3]" started-at="2023-03-29T02:29:10 IST" name="verifyHeaders" finished-at="2023-03-29T02:29:21 IST" duration-ms="10217" status="PASS">
          <reporter-output>
          </reporter-output>
        </test-method> <!-- verifyHeaders -->
        <test-method is-config="true" signature="teardown(org.testng.ITestResult)[pri:0, instance:TestCases.VerifyHeader@4218d6a3]" started-at="2023-03-29T02:29:21 IST" name="teardown" finished-at="2023-03-29T02:29:21 IST" duration-ms="133" status="PASS">
          <params>
            <param index="0">
              <value>
                <![CDATA[[TestResult name=verifyHeaders status=SUCCESS method=VerifyHeader.verifyHeaders()[pri:0, instance:TestCases.VerifyHeader@4218d6a3] output={null}]]]>
              </value>
            </param>
          </params>
          <reporter-output>
          </reporter-output>
        </test-method> <!-- teardown -->
      </class> <!-- TestCases.VerifyHeader -->
      <class name="TestCases.VerifyFotter">
        <test-method is-config="true" signature="beforesuite()[pri:0, instance:TestCases.VerifyFotter@7b2bbc3]" started-at="2023-03-29T02:27:40 IST" name="beforesuite" finished-at="2023-03-29T02:27:40 IST" duration-ms="411" status="PASS">
          <reporter-output>
          </reporter-output>
        </test-method> <!-- beforesuite -->
        <test-method is-config="true" signature="openurl()[pri:0, instance:TestCases.VerifyFotter@7b2bbc3]" started-at="2023-03-29T02:27:40 IST" name="openurl" finished-at="2023-03-29T02:27:46 IST" duration-ms="5776" status="PASS">
          <reporter-output>
          </reporter-output>
        </test-method> <!-- openurl -->
        <test-method signature="VerifyFottets()[pri:0, instance:TestCases.VerifyFotter@7b2bbc3]" started-at="2023-03-29T02:27:46 IST" name="VerifyFottets" finished-at="2023-03-29T02:29:07 IST" duration-ms="80786" status="PASS">
          <reporter-output>
          </reporter-output>
        </test-method> <!-- VerifyFottets -->
        <test-method is-config="true" signature="teardown(org.testng.ITestResult)[pri:0, instance:TestCases.VerifyFotter@7b2bbc3]" started-at="2023-03-29T02:29:07 IST" name="teardown" finished-at="2023-03-29T02:29:07 IST" duration-ms="142" status="PASS">
          <params>
            <param index="0">
              <value>
                <![CDATA[[TestResult name=VerifyFottets status=SUCCESS method=VerifyFotter.VerifyFottets()[pri:0, instance:TestCases.VerifyFotter@7b2bbc3] output={null}]]]>
              </value>
            </param>
          </params>
          <reporter-output>
          </reporter-output>
        </test-method> <!-- teardown -->
        <test-method is-config="true" signature="aftersuite()[pri:0, instance:TestCases.VerifyFotter@7b2bbc3]" started-at="2023-03-29T02:30:08 IST" name="aftersuite" finished-at="2023-03-29T02:30:09 IST" duration-ms="914" status="PASS">
          <reporter-output>
          </reporter-output>
        </test-method> <!-- aftersuite -->
      </class> <!-- TestCases.VerifyFotter -->
      <class name="TestCases.VerifyMenuBar">
        <test-method is-config="true" signature="openurl()[pri:0, instance:TestCases.VerifyMenuBar@76505305]" started-at="2023-03-29T02:29:21 IST" name="openurl" finished-at="2023-03-29T02:29:24 IST" duration-ms="3416" status="PASS">
          <reporter-output>
          </reporter-output>
        </test-method> <!-- openurl -->
        <test-method signature="VerifyMenubars()[pri:0, instance:TestCases.VerifyMenuBar@76505305]" started-at="2023-03-29T02:29:24 IST" name="VerifyMenubars" finished-at="2023-03-29T02:29:53 IST" duration-ms="28466" status="PASS">
          <reporter-output>
          </reporter-output>
        </test-method> <!-- VerifyMenubars -->
        <test-method is-config="true" signature="teardown(org.testng.ITestResult)[pri:0, instance:TestCases.VerifyMenuBar@76505305]" started-at="2023-03-29T02:29:53 IST" name="teardown" finished-at="2023-03-29T02:29:53 IST" duration-ms="207" status="PASS">
          <params>
            <param index="0">
              <value>
                <![CDATA[[TestResult name=VerifyMenubars status=SUCCESS method=VerifyMenuBar.VerifyMenubars()[pri:0, instance:TestCases.VerifyMenuBar@76505305] output={null}]]]>
              </value>
            </param>
          </params>
          <reporter-output>
          </reporter-output>
        </test-method> <!-- teardown -->
      </class> <!-- TestCases.VerifyMenuBar -->
      <class name="TestCases.VerifyAddcart">
        <test-method is-config="true" signature="openurl()[pri:0, instance:TestCases.VerifyAddcart@14cd1699]" started-at="2023-03-29T02:29:53 IST" name="openurl" finished-at="2023-03-29T02:30:00 IST" duration-ms="7178" status="PASS">
          <reporter-output>
          </reporter-output>
        </test-method> <!-- openurl -->
        <test-method signature="verifyAddCart()[pri:0, instance:TestCases.VerifyAddcart@14cd1699]" started-at="2023-03-29T02:30:00 IST" name="verifyAddCart" finished-at="2023-03-29T02:30:07 IST" duration-ms="7539" status="PASS">
          <reporter-output>
          </reporter-output>
        </test-method> <!-- verifyAddCart -->
        <test-method is-config="true" signature="teardown(org.testng.ITestResult)[pri:0, instance:TestCases.VerifyAddcart@14cd1699]" started-at="2023-03-29T02:30:08 IST" name="teardown" finished-at="2023-03-29T02:30:08 IST" duration-ms="173" status="PASS">
          <params>
            <param index="0">
              <value>
                <![CDATA[[TestResult name=verifyAddCart status=SUCCESS method=VerifyAddcart.verifyAddCart()[pri:0, instance:TestCases.VerifyAddcart@14cd1699] output={null}]]]>
              </value>
            </param>
          </params>
          <reporter-output>
          </reporter-output>
        </test-method> <!-- teardown -->
      </class> <!-- TestCases.VerifyAddcart -->
    </test> <!-- Test -->
  </suite> <!-- Suite -->
</testng-results>
