<?xml version="1.0" encoding="UTF-8"?>
<testng-results ignored="0" total="4" passed="4" failed="0" skipped="0">
  <reporter-output>
  </reporter-output>
  <suite started-at="2023-03-14T02:33:15 IST" name="Suite" finished-at="2023-03-14T02:36:37 IST" duration-ms="201710">
    <groups>
    </groups>
    <test started-at="2023-03-14T02:33:15 IST" name="Test" finished-at="2023-03-14T02:36:37 IST" duration-ms="201710">
      <class name="TestCases.VerifyHeader">
        <test-method is-config="true" signature="openurl()[pri:0, instance:TestCases.VerifyHeader@409bf450]" started-at="2023-03-14T02:34:53 IST" name="openurl" finished-at="2023-03-14T02:35:08 IST" duration-ms="15426" status="PASS">
          <reporter-output>
          </reporter-output>
        </test-method> <!-- openurl -->
        <test-method signature="verify()[pri:0, instance:TestCases.VerifyHeader@409bf450]" started-at="2023-03-14T02:35:08 IST" name="verify" finished-at="2023-03-14T02:35:24 IST" duration-ms="15178" status="PASS">
          <reporter-output>
          </reporter-output>
        </test-method> <!-- verify -->
        <test-method is-config="true" signature="closebrowser()[pri:0, instance:TestCases.VerifyHeader@409bf450]" started-at="2023-03-14T02:35:24 IST" name="closebrowser" finished-at="2023-03-14T02:35:24 IST" duration-ms="185" status="PASS">
          <reporter-output>
          </reporter-output>
        </test-method> <!-- closebrowser -->
      </class> <!-- TestCases.VerifyHeader -->
      <class name="TestCases.VerifyFotter">
        <test-method is-config="true" signature="openurl()[pri:0, instance:TestCases.VerifyFotter@7e07db1f]" started-at="2023-03-14T02:33:15 IST" name="openurl" finished-at="2023-03-14T02:33:27 IST" duration-ms="11309" status="PASS">
          <reporter-output>
          </reporter-output>
        </test-method> <!-- openurl -->
        <test-method signature="Verify()[pri:0, instance:TestCases.VerifyFotter@7e07db1f]" started-at="2023-03-14T02:33:27 IST" name="Verify" finished-at="2023-03-14T02:34:52 IST" duration-ms="85359" status="PASS">
          <reporter-output>
          </reporter-output>
        </test-method> <!-- Verify -->
        <test-method is-config="true" signature="closebrowser()[pri:0, instance:TestCases.VerifyFotter@7e07db1f]" started-at="2023-03-14T02:34:52 IST" name="closebrowser" finished-at="2023-03-14T02:34:53 IST" duration-ms="786" status="PASS">
          <reporter-output>
          </reporter-output>
        </test-method> <!-- closebrowser -->
      </class> <!-- TestCases.VerifyFotter -->
      <class name="TestCases.VerifyMenuBar">
        <test-method is-config="true" signature="openurl()[pri:0, instance:TestCases.VerifyMenuBar@38d8f54a]" started-at="2023-03-14T02:35:24 IST" name="openurl" finished-at="2023-03-14T02:35:32 IST" duration-ms="8417" status="PASS">
          <reporter-output>
          </reporter-output>
        </test-method> <!-- openurl -->
        <test-method signature="Menubar()[pri:0, instance:TestCases.VerifyMenuBar@38d8f54a]" started-at="2023-03-14T02:35:32 IST" name="Menubar" finished-at="2023-03-14T02:36:18 IST" duration-ms="45795" status="PASS">
          <reporter-output>
          </reporter-output>
        </test-method> <!-- Menubar -->
        <test-method is-config="true" signature="closebrowser()[pri:0, instance:TestCases.VerifyMenuBar@38d8f54a]" started-at="2023-03-14T02:36:18 IST" name="closebrowser" finished-at="2023-03-14T02:36:18 IST" duration-ms="184" status="PASS">
          <reporter-output>
          </reporter-output>
        </test-method> <!-- closebrowser -->
      </class> <!-- TestCases.VerifyMenuBar -->
      <class name="TestCases.VerifyAddcart">
        <test-method is-config="true" signature="openurl()[pri:0, instance:TestCases.VerifyAddcart@49e53c76]" started-at="2023-03-14T02:36:18 IST" name="openurl" finished-at="2023-03-14T02:36:28 IST" duration-ms="9659" status="PASS">
          <reporter-output>
          </reporter-output>
        </test-method> <!-- openurl -->
        <test-method signature="verifytoall()[pri:0, instance:TestCases.VerifyAddcart@49e53c76]" started-at="2023-03-14T02:36:28 IST" name="verifytoall" finished-at="2023-03-14T02:36:37 IST" duration-ms="8926" status="PASS">
          <reporter-output>
          </reporter-output>
        </test-method> <!-- verifytoall -->
        <test-method is-config="true" signature="closebrowser()[pri:0, instance:TestCases.VerifyAddcart@49e53c76]" started-at="2023-03-14T02:36:37 IST" name="closebrowser" finished-at="2023-03-14T02:36:37 IST" duration-ms="250" status="PASS">
          <reporter-output>
          </reporter-output>
        </test-method> <!-- closebrowser -->
      </class> <!-- TestCases.VerifyAddcart -->
    </test> <!-- Test -->
  </suite> <!-- Suite -->
</testng-results>
